[01-Mar-2026 12:04:29 Europe/Berlin] === APPLICATION SUBMISSION START ===
[01-Mar-2026 12:04:29 Europe/Berlin] Request Method: POST
[01-Mar-2026 12:04:29 Europe/Berlin] POST Data: Array
(
    [role] => HR manager
    [first_name] => Althea Marie
    [middle_name] => 
    [last_name] => Buya
    [email] => altheabuya68@gmail.com
    [phone] => 09636379414
    [message] => 
    [job_posting_id] => 1772279548699
    [position] => HR manager
    [department] => Human Resources
    [location] => Main Branch
    [employment_type] => Full-time
    [salary] => 20000
    [description] => professional
)

[01-Mar-2026 12:04:29 Europe/Berlin] FILES Data: Array
(
    [0] => resume
    [1] => birth_certificate
    [2] => diploma
    [3] => cover_letter
)

[01-Mar-2026 12:04:29 Europe/Berlin] Applicant Data:
[01-Mar-2026 12:04:29 Europe/Berlin]   Name: Althea Marie Buya
[01-Mar-2026 12:04:29 Europe/Berlin]   Email: altheabuya68@gmail.com
[01-Mar-2026 12:04:29 Europe/Berlin]   Phone: 09636379414
[01-Mar-2026 12:04:29 Europe/Berlin]   Position: HR manager
[01-Mar-2026 12:04:29 Europe/Berlin]   Department: Human Resources
[01-Mar-2026 12:04:29 Europe/Berlin] Transaction started
[01-Mar-2026 12:04:29 Europe/Berlin] Executing INSERT with values:
[01-Mar-2026 12:04:29 Europe/Berlin]   fname: Althea Marie
[01-Mar-2026 12:04:29 Europe/Berlin]   lname: Buya
[01-Mar-2026 12:04:29 Europe/Berlin]   email: altheabuya68@gmail.com
[01-Mar-2026 12:04:29 Europe/Berlin] ✓ Applicant inserted successfully with ID: 23
[01-Mar-2026 12:04:29 Europe/Berlin] Processing file: resume
[01-Mar-2026 12:04:29 Europe/Berlin]   File name: WORKFLOW.pdf
[01-Mar-2026 12:04:29 Europe/Berlin]   File size: 719176 bytes
[01-Mar-2026 12:04:29 Europe/Berlin]   File type: application/pdf
[01-Mar-2026 12:04:29 Europe/Berlin]   ✓ File saved to applicant_files with ID: 2
[01-Mar-2026 12:04:29 Europe/Berlin] Processing file: birth_certificate
[01-Mar-2026 12:04:29 Europe/Berlin]   File name: Buya, Althea Marie.pdf
[01-Mar-2026 12:04:29 Europe/Berlin]   File size: 198423 bytes
[01-Mar-2026 12:04:29 Europe/Berlin]   File type: application/pdf
[01-Mar-2026 12:04:29 Europe/Berlin]   ✓ File saved to applicant_files with ID: 3
[01-Mar-2026 12:04:29 Europe/Berlin] Processing file: diploma
[01-Mar-2026 12:04:29 Europe/Berlin]   File name: Dataflow.drawio.png
[01-Mar-2026 12:04:29 Europe/Berlin]   File size: 208204 bytes
[01-Mar-2026 12:04:29 Europe/Berlin]   File type: image/png
[01-Mar-2026 12:04:29 Europe/Berlin]   ✓ File saved to applicant_files with ID: 4
[01-Mar-2026 12:04:29 Europe/Berlin] File upload error for cover_letter: error code 4
[01-Mar-2026 12:04:29 Europe/Berlin] ✓ Transaction committed successfully
[01-Mar-2026 12:04:29 Europe/Berlin] Total files uploaded: 3
[01-Mar-2026 12:04:29 Europe/Berlin] === APPLICATION SUBMISSION SUCCESS ===
[02-Mar-2026 00:12:00 Europe/Berlin] === APPLICATION SUBMISSION START ===
[02-Mar-2026 00:12:00 Europe/Berlin] Request Method: POST
[02-Mar-2026 00:12:00 Europe/Berlin] POST Data: Array
(
    [role] => HR manager
    [first_name] => Althea Marie
    [middle_name] => 
    [last_name] => Buya
    [email] => altheabuya68@gmail.com
    [phone] => 09636379414
    [message] => 
    [job_posting_id] => 1772279548699
    [position] => HR manager
    [department] => Human Resources
    [location] => Main Branch
    [employment_type] => Full-time
    [salary] => 20000
    [description] => professional
)

[02-Mar-2026 00:12:00 Europe/Berlin] FILES Data: Array
(
    [0] => resume
    [1] => birth_certificate
    [2] => diploma
    [3] => cover_letter
)

[02-Mar-2026 00:12:00 Europe/Berlin] Applicant Data:
[02-Mar-2026 00:12:00 Europe/Berlin]   Name: Althea Marie Buya
[02-Mar-2026 00:12:00 Europe/Berlin]   Email: altheabuya68@gmail.com
[02-Mar-2026 00:12:00 Europe/Berlin]   Phone: 09636379414
[02-Mar-2026 00:12:00 Europe/Berlin]   Position: HR manager
[02-Mar-2026 00:12:00 Europe/Berlin]   Department: Human Resources
[02-Mar-2026 00:12:00 Europe/Berlin] Transaction started
[02-Mar-2026 00:12:00 Europe/Berlin] Executing INSERT with values:
[02-Mar-2026 00:12:00 Europe/Berlin]   fname: Althea Marie
[02-Mar-2026 00:12:00 Europe/Berlin]   lname: Buya
[02-Mar-2026 00:12:00 Europe/Berlin]   email: altheabuya68@gmail.com
[02-Mar-2026 00:12:00 Europe/Berlin] ✓ Applicant inserted successfully with ID: 24
[02-Mar-2026 00:12:00 Europe/Berlin] === FILE UPLOAD DEBUG ===
[02-Mar-2026 00:12:00 Europe/Berlin] FILES array: Array
(
    [resume] => Array
        (
            [name] => BPA LEVEL 2.pdf
            [type] => application/pdf
            [tmp_name] => C:\xampp\tmp\php77B2.tmp
            [error] => 0
            [size] => 1054650
        )

    [birth_certificate] => Array
        (
            [name] => DATAFLOW.pdf
            [type] => application/pdf
            [tmp_name] => C:\xampp\tmp\php77C2.tmp
            [error] => 0
            [size] => 806108
        )

    [diploma] => Array
        (
            [name] => Buya, Althea Marie.pdf
            [type] => application/pdf
            [tmp_name] => C:\xampp\tmp\php77D3.tmp
            [error] => 0
            [size] => 198423
        )

    [cover_letter] => Array
        (
            [name] => 
            [type] => 
            [tmp_name] => 
            [error] => 4
            [size] => 0
        )

)

[02-Mar-2026 00:12:00 Europe/Berlin] Expected file fields: resume, birth_certificate, diploma, cover_letter
[02-Mar-2026 00:12:00 Europe/Berlin] Processing file: resume
[02-Mar-2026 00:12:00 Europe/Berlin]   File name: BPA LEVEL 2.pdf
[02-Mar-2026 00:12:00 Europe/Berlin]   File size: 1054650 bytes
[02-Mar-2026 00:12:00 Europe/Berlin]   File type: application/pdf
[02-Mar-2026 00:12:00 Europe/Berlin]   ✓ File saved to applicant_files with ID: 5
[02-Mar-2026 00:12:00 Europe/Berlin] Processing file: birth_certificate
[02-Mar-2026 00:12:00 Europe/Berlin]   File name: DATAFLOW.pdf
[02-Mar-2026 00:12:00 Europe/Berlin]   File size: 806108 bytes
[02-Mar-2026 00:12:00 Europe/Berlin]   File type: application/pdf
[02-Mar-2026 00:12:00 Europe/Berlin]   ✓ File saved to applicant_files with ID: 6
[02-Mar-2026 00:12:00 Europe/Berlin] Processing file: diploma
[02-Mar-2026 00:12:00 Europe/Berlin]   File name: Buya, Althea Marie.pdf
[02-Mar-2026 00:12:00 Europe/Berlin]   File size: 198423 bytes
[02-Mar-2026 00:12:00 Europe/Berlin]   File type: application/pdf
[02-Mar-2026 00:12:00 Europe/Berlin]   ✓ File saved to applicant_files with ID: 7
[02-Mar-2026 00:12:00 Europe/Berlin] File upload error for cover_letter: error code 4
[02-Mar-2026 00:12:00 Europe/Berlin] ✓ Transaction committed successfully
[02-Mar-2026 00:12:00 Europe/Berlin] Total files uploaded: 3
[02-Mar-2026 00:12:00 Europe/Berlin] === APPLICATION SUBMISSION SUCCESS ===
[02-Mar-2026 00:29:56 Europe/Berlin] === APPLICATION SUBMISSION START ===
[02-Mar-2026 00:29:56 Europe/Berlin] Request Method: POST
[02-Mar-2026 00:29:56 Europe/Berlin] POST Data: Array
(
    [role] => HR manager
    [first_name] => Althea Marie
    [middle_name] => 
    [last_name] => Buya
    [email] => altheabuya68@gmail.com
    [phone] => 09636379414
    [message] => 
    [job_posting_id] => 1772279548699
    [position] => HR manager
    [department] => Human Resources
    [location] => Main Branch
    [employment_type] => Full-time
    [salary] => 20000
    [description] => professional
)

[02-Mar-2026 00:29:56 Europe/Berlin] FILES Data: Array
(
    [0] => resume
    [1] => birth_certificate
    [2] => diploma
    [3] => cover_letter
)

[02-Mar-2026 00:29:56 Europe/Berlin] Applicant Data:
[02-Mar-2026 00:29:56 Europe/Berlin]   Name: Althea Marie Buya
[02-Mar-2026 00:29:56 Europe/Berlin]   Email: altheabuya68@gmail.com
[02-Mar-2026 00:29:56 Europe/Berlin]   Phone: 09636379414
[02-Mar-2026 00:29:56 Europe/Berlin]   Position: HR manager
[02-Mar-2026 00:29:56 Europe/Berlin]   Department: Human Resources
[02-Mar-2026 00:29:56 Europe/Berlin] Transaction started
[02-Mar-2026 00:29:56 Europe/Berlin] Executing INSERT with values:
[02-Mar-2026 00:29:56 Europe/Berlin]   fname: Althea Marie
[02-Mar-2026 00:29:56 Europe/Berlin]   lname: Buya
[02-Mar-2026 00:29:56 Europe/Berlin]   email: altheabuya68@gmail.com
[02-Mar-2026 00:29:56 Europe/Berlin] ✓ Applicant inserted successfully with ID: 25
[02-Mar-2026 00:29:56 Europe/Berlin] === FILE UPLOAD DEBUG ===
[02-Mar-2026 00:29:56 Europe/Berlin] FILES array: Array
(
    [resume] => Array
        (
            [name] => BPA LEVEL 2.pdf
            [type] => application/pdf
            [tmp_name] => C:\xampp\tmp\phpE332.tmp
            [error] => 0
            [size] => 1054650
        )

    [birth_certificate] => Array
        (
            [name] => DATAFLOW.pdf
            [type] => application/pdf
            [tmp_name] => C:\xampp\tmp\phpE343.tmp
            [error] => 0
            [size] => 806108
        )

    [diploma] => Array
        (
            [name] => Dataflow.drawio.png
            [type] => image/png
            [tmp_name] => C:\xampp\tmp\phpE344.tmp
            [error] => 0
            [size] => 208204
        )

    [cover_letter] => Array
        (
            [name] => 
            [type] => 
            [tmp_name] => 
            [error] => 4
            [size] => 0
        )

)

[02-Mar-2026 00:29:56 Europe/Berlin] Expected file fields: resume, birth_certificate, diploma, cover_letter
[02-Mar-2026 00:29:56 Europe/Berlin] Processing file: resume
[02-Mar-2026 00:29:56 Europe/Berlin]   File name: BPA LEVEL 2.pdf
[02-Mar-2026 00:29:56 Europe/Berlin]   File size: 1054650 bytes
[02-Mar-2026 00:29:56 Europe/Berlin]   File type: application/pdf
[02-Mar-2026 00:29:56 Europe/Berlin]   ✓ File saved to applicant_files with ID: 8
[02-Mar-2026 00:29:56 Europe/Berlin] Processing file: birth_certificate
[02-Mar-2026 00:29:56 Europe/Berlin]   File name: DATAFLOW.pdf
[02-Mar-2026 00:29:56 Europe/Berlin]   File size: 806108 bytes
[02-Mar-2026 00:29:56 Europe/Berlin]   File type: application/pdf
[02-Mar-2026 00:29:56 Europe/Berlin]   ✓ File saved to applicant_files with ID: 9
[02-Mar-2026 00:29:56 Europe/Berlin] Processing file: diploma
[02-Mar-2026 00:29:56 Europe/Berlin]   File name: Dataflow.drawio.png
[02-Mar-2026 00:29:56 Europe/Berlin]   File size: 208204 bytes
[02-Mar-2026 00:29:56 Europe/Berlin]   File type: image/png
[02-Mar-2026 00:29:56 Europe/Berlin]   ✓ File saved to applicant_files with ID: 10
[02-Mar-2026 00:29:56 Europe/Berlin] File upload error for cover_letter: error code 4
[02-Mar-2026 00:29:56 Europe/Berlin] ✓ Transaction committed successfully
[02-Mar-2026 00:29:56 Europe/Berlin] Total files uploaded: 3
[02-Mar-2026 00:29:56 Europe/Berlin] === APPLICATION SUBMISSION SUCCESS ===
[02-Mar-2026 01:05:23 Europe/Berlin] === APPLICATION SUBMISSION START ===
[02-Mar-2026 01:05:23 Europe/Berlin] Request Method: POST
[02-Mar-2026 01:05:23 Europe/Berlin] POST Data: Array
(
    [role] => HR manager
    [first_name] => Althea Marie
    [middle_name] => 
    [last_name] => Buya
    [email] => altheabuya68@gmail.com
    [phone] => 09636379414
    [message] => 
    [job_posting_id] => 1772279548699
    [position] => HR manager
    [department] => Human Resources
    [location] => Main Branch
    [employment_type] => Full-time
    [salary] => 20000
    [description] => professional
)

[02-Mar-2026 01:05:23 Europe/Berlin] FILES Data: Array
(
    [0] => resume
    [1] => birth_certificate
    [2] => diploma
    [3] => cover_letter
)

[02-Mar-2026 01:05:23 Europe/Berlin] Applicant Data:
[02-Mar-2026 01:05:23 Europe/Berlin]   Name: Althea Marie Buya
[02-Mar-2026 01:05:23 Europe/Berlin]   Email: altheabuya68@gmail.com
[02-Mar-2026 01:05:23 Europe/Berlin]   Phone: 09636379414
[02-Mar-2026 01:05:23 Europe/Berlin]   Position: HR manager
[02-Mar-2026 01:05:23 Europe/Berlin]   Department: Human Resources
[02-Mar-2026 01:05:23 Europe/Berlin] Transaction started
[02-Mar-2026 01:05:23 Europe/Berlin] Executing INSERT with values:
[02-Mar-2026 01:05:23 Europe/Berlin]   fname: Althea Marie
[02-Mar-2026 01:05:23 Europe/Berlin]   lname: Buya
[02-Mar-2026 01:05:23 Europe/Berlin]   email: altheabuya68@gmail.com
[02-Mar-2026 01:05:23 Europe/Berlin] ✓ Applicant inserted successfully with ID: 26
[02-Mar-2026 01:05:23 Europe/Berlin] === FILE UPLOAD DEBUG ===
[02-Mar-2026 01:05:23 Europe/Berlin] FILES array: Array
(
    [resume] => Array
        (
            [name] => BPA LEVEL 2.pdf
            [type] => application/pdf
            [tmp_name] => C:\xampp\tmp\php579E.tmp
            [error] => 0
            [size] => 1054650
        )

    [birth_certificate] => Array
        (
            [name] => Buya, Althea Marie.pdf
            [type] => application/pdf
            [tmp_name] => C:\xampp\tmp\php57BF.tmp
            [error] => 0
            [size] => 198423
        )

    [diploma] => Array
        (
            [name] => FP.pdf
            [type] => application/pdf
            [tmp_name] => C:\xampp\tmp\php57C0.tmp
            [error] => 0
            [size] => 296155
        )

    [cover_letter] => Array
        (
            [name] => 
            [type] => 
            [tmp_name] => 
            [error] => 4
            [size] => 0
        )

)

[02-Mar-2026 01:05:23 Europe/Berlin] Expected file fields: resume, birth_certificate, diploma, cover_letter
[02-Mar-2026 01:05:23 Europe/Berlin] Processing file: resume
[02-Mar-2026 01:05:23 Europe/Berlin]   File name: BPA LEVEL 2.pdf
[02-Mar-2026 01:05:23 Europe/Berlin]   File size: 1054650 bytes
[02-Mar-2026 01:05:23 Europe/Berlin]   File type: application/pdf
[02-Mar-2026 01:05:23 Europe/Berlin]   ✗ Error saving file to applicant_files: SQLSTATE[42S22]: Column not found: 1054 Unknown column 'file_field' in 'field list'
[02-Mar-2026 01:05:23 Europe/Berlin] Processing file: birth_certificate
[02-Mar-2026 01:05:23 Europe/Berlin]   File name: Buya, Althea Marie.pdf
[02-Mar-2026 01:05:23 Europe/Berlin]   File size: 198423 bytes
[02-Mar-2026 01:05:23 Europe/Berlin]   File type: application/pdf
[02-Mar-2026 01:05:23 Europe/Berlin]   ✗ Error saving file to applicant_files: SQLSTATE[42S22]: Column not found: 1054 Unknown column 'file_field' in 'field list'
[02-Mar-2026 01:05:23 Europe/Berlin] Processing file: diploma
[02-Mar-2026 01:05:23 Europe/Berlin]   File name: FP.pdf
[02-Mar-2026 01:05:23 Europe/Berlin]   File size: 296155 bytes
[02-Mar-2026 01:05:23 Europe/Berlin]   File type: application/pdf
[02-Mar-2026 01:05:23 Europe/Berlin]   ✗ Error saving file to applicant_files: SQLSTATE[42S22]: Column not found: 1054 Unknown column 'file_field' in 'field list'
[02-Mar-2026 01:05:23 Europe/Berlin] File upload error for cover_letter: error code 4
[02-Mar-2026 01:05:23 Europe/Berlin] ✓ Transaction committed successfully
[02-Mar-2026 01:05:23 Europe/Berlin] Total files uploaded: 3
[02-Mar-2026 01:05:23 Europe/Berlin] === APPLICATION SUBMISSION SUCCESS ===
[02-Mar-2026 01:07:49 Europe/Berlin] === APPLICATION SUBMISSION START ===
[02-Mar-2026 01:07:49 Europe/Berlin] Request Method: POST
[02-Mar-2026 01:07:49 Europe/Berlin] POST Data: Array
(
    [role] => HR manager
    [first_name] => Althea Marie
    [middle_name] => 
    [last_name] => Buya
    [email] => altheabuya68@gmail.com
    [phone] => 09636379414
    [message] => 
    [job_posting_id] => 1772279548699
    [position] => HR manager
    [department] => Human Resources
    [location] => Main Branch
    [employment_type] => Full-time
    [salary] => 20000
    [description] => professional
)

[02-Mar-2026 01:07:49 Europe/Berlin] FILES Data: Array
(
    [0] => resume
    [1] => birth_certificate
    [2] => diploma
    [3] => cover_letter
)

[02-Mar-2026 01:07:49 Europe/Berlin] Applicant Data:
[02-Mar-2026 01:07:49 Europe/Berlin]   Name: Althea Marie Buya
[02-Mar-2026 01:07:49 Europe/Berlin]   Email: altheabuya68@gmail.com
[02-Mar-2026 01:07:49 Europe/Berlin]   Phone: 09636379414
[02-Mar-2026 01:07:49 Europe/Berlin]   Position: HR manager
[02-Mar-2026 01:07:49 Europe/Berlin]   Department: Human Resources
[02-Mar-2026 01:07:49 Europe/Berlin] Transaction started
[02-Mar-2026 01:07:49 Europe/Berlin] Executing INSERT with values:
[02-Mar-2026 01:07:49 Europe/Berlin]   fname: Althea Marie
[02-Mar-2026 01:07:49 Europe/Berlin]   lname: Buya
[02-Mar-2026 01:07:49 Europe/Berlin]   email: altheabuya68@gmail.com
[02-Mar-2026 01:07:49 Europe/Berlin] ✓ Applicant inserted successfully with ID: 27
[02-Mar-2026 01:07:49 Europe/Berlin] === FILE UPLOAD DEBUG ===
[02-Mar-2026 01:07:49 Europe/Berlin] FILES array: Array
(
    [resume] => Array
        (
            [name] => BPA LEVEL 2.pdf
            [type] => application/pdf
            [tmp_name] => C:\xampp\tmp\php9405.tmp
            [error] => 0
            [size] => 1054650
        )

    [birth_certificate] => Array
        (
            [name] => Buya, Althea Marie.pdf
            [type] => application/pdf
            [tmp_name] => C:\xampp\tmp\php9425.tmp
            [error] => 0
            [size] => 198423
        )

    [diploma] => Array
        (
            [name] => FP.pdf
            [type] => application/pdf
            [tmp_name] => C:\xampp\tmp\php9426.tmp
            [error] => 0
            [size] => 296155
        )

    [cover_letter] => Array
        (
            [name] => 
            [type] => 
            [tmp_name] => 
            [error] => 4
            [size] => 0
        )

)

[02-Mar-2026 01:07:49 Europe/Berlin] Expected file fields: resume, birth_certificate, diploma, cover_letter
[02-Mar-2026 01:07:49 Europe/Berlin] Processing file: resume
[02-Mar-2026 01:07:49 Europe/Berlin]   File name: BPA LEVEL 2.pdf
[02-Mar-2026 01:07:49 Europe/Berlin]   File size: 1054650 bytes
[02-Mar-2026 01:07:49 Europe/Berlin]   File type: application/pdf
[02-Mar-2026 01:07:49 Europe/Berlin]   ✗ Error saving file to applicant_files: SQLSTATE[42S22]: Column not found: 1054 Unknown column 'file_field' in 'field list'
[02-Mar-2026 01:07:49 Europe/Berlin] Processing file: birth_certificate
[02-Mar-2026 01:07:49 Europe/Berlin]   File name: Buya, Althea Marie.pdf
[02-Mar-2026 01:07:49 Europe/Berlin]   File size: 198423 bytes
[02-Mar-2026 01:07:49 Europe/Berlin]   File type: application/pdf
[02-Mar-2026 01:07:49 Europe/Berlin]   ✗ Error saving file to applicant_files: SQLSTATE[42S22]: Column not found: 1054 Unknown column 'file_field' in 'field list'
[02-Mar-2026 01:07:49 Europe/Berlin] Processing file: diploma
[02-Mar-2026 01:07:49 Europe/Berlin]   File name: FP.pdf
[02-Mar-2026 01:07:49 Europe/Berlin]   File size: 296155 bytes
[02-Mar-2026 01:07:49 Europe/Berlin]   File type: application/pdf
[02-Mar-2026 01:07:49 Europe/Berlin]   ✗ Error saving file to applicant_files: SQLSTATE[42S22]: Column not found: 1054 Unknown column 'file_field' in 'field list'
[02-Mar-2026 01:07:49 Europe/Berlin] File upload error for cover_letter: error code 4
[02-Mar-2026 01:07:49 Europe/Berlin] ✓ Transaction committed successfully
[02-Mar-2026 01:07:49 Europe/Berlin] Total files uploaded: 3
[02-Mar-2026 01:07:49 Europe/Berlin] === APPLICATION SUBMISSION SUCCESS ===
[02-Mar-2026 01:15:11 Europe/Berlin] === APPLICATION SUBMISSION START ===
[02-Mar-2026 01:15:11 Europe/Berlin] Request Method: POST
[02-Mar-2026 01:15:11 Europe/Berlin] POST Data: Array
(
    [role] => HR manager
    [first_name] => Althea Marie
    [middle_name] => 
    [last_name] => Buya
    [email] => altheabuya68@gmail.com
    [phone] => 09636379414
    [message] => 
    [job_posting_id] => 1772279548699
    [position] => HR manager
    [department] => Human Resources
    [location] => Main Branch
    [employment_type] => Full-time
    [salary] => 20000
    [description] => professional
)

[02-Mar-2026 01:15:11 Europe/Berlin] FILES Data: Array
(
    [0] => resume
    [1] => birth_certificate
    [2] => diploma
    [3] => cover_letter
)

[02-Mar-2026 01:15:11 Europe/Berlin] Applicant Data:
[02-Mar-2026 01:15:11 Europe/Berlin]   Name: Althea Marie Buya
[02-Mar-2026 01:15:11 Europe/Berlin]   Email: altheabuya68@gmail.com
[02-Mar-2026 01:15:11 Europe/Berlin]   Phone: 09636379414
[02-Mar-2026 01:15:11 Europe/Berlin]   Position: HR manager
[02-Mar-2026 01:15:11 Europe/Berlin]   Department: Human Resources
[02-Mar-2026 01:15:11 Europe/Berlin] Transaction started
[02-Mar-2026 01:15:11 Europe/Berlin] Executing INSERT with values:
[02-Mar-2026 01:15:11 Europe/Berlin]   fname: Althea Marie
[02-Mar-2026 01:15:11 Europe/Berlin]   lname: Buya
[02-Mar-2026 01:15:11 Europe/Berlin]   email: altheabuya68@gmail.com
[02-Mar-2026 01:15:11 Europe/Berlin] ✓ Applicant inserted successfully with ID: 28
[02-Mar-2026 01:15:11 Europe/Berlin] === FILE UPLOAD DEBUG ===
[02-Mar-2026 01:15:11 Europe/Berlin] FILES array: Array
(
    [resume] => Array
        (
            [name] => BPA LEVEL 2.pdf
            [type] => application/pdf
            [tmp_name] => C:\xampp\tmp\php523A.tmp
            [error] => 0
            [size] => 1054650
        )

    [birth_certificate] => Array
        (
            [name] => Buya, Althea Marie.pdf
            [type] => application/pdf
            [tmp_name] => C:\xampp\tmp\php524B.tmp
            [error] => 0
            [size] => 198423
        )

    [diploma] => Array
        (
            [name] => FP.pdf
            [type] => application/pdf
            [tmp_name] => C:\xampp\tmp\php524C.tmp
            [error] => 0
            [size] => 296155
        )

    [cover_letter] => Array
        (
            [name] => 
            [type] => 
            [tmp_name] => 
            [error] => 4
            [size] => 0
        )

)

[02-Mar-2026 01:15:11 Europe/Berlin] Expected file fields: resume, birth_certificate, diploma, cover_letter
[02-Mar-2026 01:15:11 Europe/Berlin] Processing file: resume
[02-Mar-2026 01:15:11 Europe/Berlin]   File name: BPA LEVEL 2.pdf
[02-Mar-2026 01:15:11 Europe/Berlin]   File size: 1054650 bytes
[02-Mar-2026 01:15:11 Europe/Berlin]   File type: application/pdf
[02-Mar-2026 01:15:11 Europe/Berlin]   ✓ File saved to applicant_files with ID: 11
[02-Mar-2026 01:15:11 Europe/Berlin] Processing file: birth_certificate
[02-Mar-2026 01:15:11 Europe/Berlin]   File name: Buya, Althea Marie.pdf
[02-Mar-2026 01:15:11 Europe/Berlin]   File size: 198423 bytes
[02-Mar-2026 01:15:11 Europe/Berlin]   File type: application/pdf
[02-Mar-2026 01:15:11 Europe/Berlin]   ✓ File saved to applicant_files with ID: 12
[02-Mar-2026 01:15:11 Europe/Berlin] Processing file: diploma
[02-Mar-2026 01:15:11 Europe/Berlin]   File name: FP.pdf
[02-Mar-2026 01:15:11 Europe/Berlin]   File size: 296155 bytes
[02-Mar-2026 01:15:11 Europe/Berlin]   File type: application/pdf
[02-Mar-2026 01:15:11 Europe/Berlin]   ✓ File saved to applicant_files with ID: 13
[02-Mar-2026 01:15:11 Europe/Berlin] File upload error for cover_letter: error code 4
[02-Mar-2026 01:15:11 Europe/Berlin] ✓ Transaction committed successfully
[02-Mar-2026 01:15:11 Europe/Berlin] Total files uploaded: 3
[02-Mar-2026 01:15:11 Europe/Berlin] === APPLICATION SUBMISSION SUCCESS ===
[02-Mar-2026 04:09:52 Europe/Berlin] === APPLICATION SUBMISSION START ===
[02-Mar-2026 04:09:52 Europe/Berlin] Request Method: POST
[02-Mar-2026 04:09:52 Europe/Berlin] POST Data: Array
(
    [role] => HR manager
    [first_name] => Althea Marie
    [middle_name] => 
    [last_name] => Buya
    [email] => altheabuya68@gmail.com
    [phone] => 09636379414
    [message] => 
    [job_posting_id] => 1
    [position] => HR manager
    [department] => undefined
    [location] => Main Branch
    [employment_type] => undefined
    [salary] => undefined
    [description] => undefined
)

[02-Mar-2026 04:09:52 Europe/Berlin] FILES Data: Array
(
    [0] => resume
    [1] => birth_certificate
    [2] => diploma
    [3] => cover_letter
)

[02-Mar-2026 04:09:52 Europe/Berlin] Applicant Data:
[02-Mar-2026 04:09:52 Europe/Berlin]   Name: Althea Marie Buya
[02-Mar-2026 04:09:52 Europe/Berlin]   Email: altheabuya68@gmail.com
[02-Mar-2026 04:09:52 Europe/Berlin]   Phone: 09636379414
[02-Mar-2026 04:09:52 Europe/Berlin]   Position: HR manager
[02-Mar-2026 04:09:52 Europe/Berlin]   Department: undefined
[02-Mar-2026 04:09:52 Europe/Berlin] Transaction started
[02-Mar-2026 04:09:52 Europe/Berlin] Executing INSERT with values:
[02-Mar-2026 04:09:52 Europe/Berlin]   fname: Althea Marie
[02-Mar-2026 04:09:52 Europe/Berlin]   lname: Buya
[02-Mar-2026 04:09:52 Europe/Berlin]   email: altheabuya68@gmail.com
[02-Mar-2026 04:09:52 Europe/Berlin] ✓ Applicant inserted successfully with ID: 29
[02-Mar-2026 04:09:52 Europe/Berlin] === FILE UPLOAD DEBUG ===
[02-Mar-2026 04:09:52 Europe/Berlin] FILES array: Array
(
    [resume] => Array
        (
            [name] => DATAFLOW.pdf
            [type] => application/pdf
            [tmp_name] => C:\xampp\tmp\php3F86.tmp
            [error] => 0
            [size] => 806108
        )

    [birth_certificate] => Array
        (
            [name] => BPA LEVEL 2.pdf
            [type] => application/pdf
            [tmp_name] => C:\xampp\tmp\php3F96.tmp
            [error] => 0
            [size] => 1054650
        )

    [diploma] => Array
        (
            [name] => Buya, Althea Marie.pdf
            [type] => application/pdf
            [tmp_name] => C:\xampp\tmp\php3FC6.tmp
            [error] => 0
            [size] => 198423
        )

    [cover_letter] => Array
        (
            [name] => 
            [type] => 
            [tmp_name] => 
            [error] => 4
            [size] => 0
        )

)

[02-Mar-2026 04:09:52 Europe/Berlin] Expected file fields: resume, birth_certificate, diploma, cover_letter
[02-Mar-2026 04:09:52 Europe/Berlin] Processing file: resume
[02-Mar-2026 04:09:52 Europe/Berlin]   File name: DATAFLOW.pdf
[02-Mar-2026 04:09:52 Europe/Berlin]   File size: 806108 bytes
[02-Mar-2026 04:09:52 Europe/Berlin]   File type: application/pdf
[02-Mar-2026 04:09:52 Europe/Berlin]   ✓ File saved to applicant_files with ID: 14
[02-Mar-2026 04:09:52 Europe/Berlin] Processing file: birth_certificate
[02-Mar-2026 04:09:52 Europe/Berlin]   File name: BPA LEVEL 2.pdf
[02-Mar-2026 04:09:52 Europe/Berlin]   File size: 1054650 bytes
[02-Mar-2026 04:09:52 Europe/Berlin]   File type: application/pdf
[02-Mar-2026 04:09:52 Europe/Berlin]   ✓ File saved to applicant_files with ID: 15
[02-Mar-2026 04:09:52 Europe/Berlin] Processing file: diploma
[02-Mar-2026 04:09:52 Europe/Berlin]   File name: Buya, Althea Marie.pdf
[02-Mar-2026 04:09:52 Europe/Berlin]   File size: 198423 bytes
[02-Mar-2026 04:09:52 Europe/Berlin]   File type: application/pdf
[02-Mar-2026 04:09:52 Europe/Berlin]   ✓ File saved to applicant_files with ID: 16
[02-Mar-2026 04:09:52 Europe/Berlin] File upload error for cover_letter: error code 4
[02-Mar-2026 04:09:52 Europe/Berlin] ✓ Transaction committed successfully
[02-Mar-2026 04:09:52 Europe/Berlin] Total files uploaded: 3
[02-Mar-2026 04:09:52 Europe/Berlin] === APPLICATION SUBMISSION SUCCESS ===
[05-Mar-2026 02:55:30 Europe/Berlin] === APPLICATION SUBMISSION START ===
[05-Mar-2026 02:55:30 Europe/Berlin] Request Method: POST
[05-Mar-2026 02:55:30 Europe/Berlin] POST Data: Array
(
    [role] => Tech Support
    [first_name] => EARL
    [middle_name] => lubanan
    [last_name] => Alarcon
    [email] => earllaurencealarcon@gmail.com
    [phone] => 09915518765
    [message] => AKHADKA

    [job_posting_id] => 2
    [position] => Tech Support
    [department] => undefined
    [location] => Main Branch
    [employment_type] => undefined
    [salary] => undefined
    [description] => undefined
)

[05-Mar-2026 02:55:30 Europe/Berlin] FILES Data: Array
(
    [0] => resume
    [1] => birth_certificate
    [2] => diploma
    [3] => cover_letter
)

[05-Mar-2026 02:55:30 Europe/Berlin] Applicant Data:
[05-Mar-2026 02:55:30 Europe/Berlin]   Name: EARL lubanan Alarcon
[05-Mar-2026 02:55:30 Europe/Berlin]   Email: earllaurencealarcon@gmail.com
[05-Mar-2026 02:55:30 Europe/Berlin]   Phone: 09915518765
[05-Mar-2026 02:55:30 Europe/Berlin]   Position: Tech Support
[05-Mar-2026 02:55:30 Europe/Berlin]   Department: undefined
[05-Mar-2026 02:55:30 Europe/Berlin] Transaction started
[05-Mar-2026 02:55:30 Europe/Berlin] Executing INSERT with values:
[05-Mar-2026 02:55:30 Europe/Berlin]   fname: EARL lubanan
[05-Mar-2026 02:55:30 Europe/Berlin]   lname: Alarcon
[05-Mar-2026 02:55:30 Europe/Berlin]   email: earllaurencealarcon@gmail.com
[05-Mar-2026 02:55:30 Europe/Berlin] ✓ Applicant inserted successfully with ID: 30
[05-Mar-2026 02:55:30 Europe/Berlin] === FILE UPLOAD DEBUG ===
[05-Mar-2026 02:55:30 Europe/Berlin] FILES array: Array
(
    [resume] => Array
        (
            [name] => FP.pdf
            [type] => application/pdf
            [tmp_name] => C:\xampp\tmp\php597C.tmp
            [error] => 0
            [size] => 296155
        )

    [birth_certificate] => Array
        (
            [name] => ITSPweek2.pdf
            [type] => application/pdf
            [tmp_name] => C:\xampp\tmp\php598D.tmp
            [error] => 0
            [size] => 289574
        )

    [diploma] => Array
        (
            [name] => DATAFLOW.pdf
            [type] => application/pdf
            [tmp_name] => C:\xampp\tmp\php598E.tmp
            [error] => 0
            [size] => 806108
        )

    [cover_letter] => Array
        (
            [name] => 
            [type] => 
            [tmp_name] => 
            [error] => 4
            [size] => 0
        )

)

[05-Mar-2026 02:55:30 Europe/Berlin] Expected file fields: resume, birth_certificate, diploma, cover_letter
[05-Mar-2026 02:55:30 Europe/Berlin] Processing file: resume
[05-Mar-2026 02:55:30 Europe/Berlin]   File name: FP.pdf
[05-Mar-2026 02:55:30 Europe/Berlin]   File size: 296155 bytes
[05-Mar-2026 02:55:30 Europe/Berlin]   File type: application/pdf
[05-Mar-2026 02:55:30 Europe/Berlin]   ✓ File saved to applicant_files with ID: 17
[05-Mar-2026 02:55:30 Europe/Berlin] Processing file: birth_certificate
[05-Mar-2026 02:55:30 Europe/Berlin]   File name: ITSPweek2.pdf
[05-Mar-2026 02:55:30 Europe/Berlin]   File size: 289574 bytes
[05-Mar-2026 02:55:30 Europe/Berlin]   File type: application/pdf
[05-Mar-2026 02:55:30 Europe/Berlin]   ✓ File saved to applicant_files with ID: 18
[05-Mar-2026 02:55:30 Europe/Berlin] Processing file: diploma
[05-Mar-2026 02:55:30 Europe/Berlin]   File name: DATAFLOW.pdf
[05-Mar-2026 02:55:30 Europe/Berlin]   File size: 806108 bytes
[05-Mar-2026 02:55:30 Europe/Berlin]   File type: application/pdf
[05-Mar-2026 02:55:30 Europe/Berlin]   ✓ File saved to applicant_files with ID: 19
[05-Mar-2026 02:55:30 Europe/Berlin] File upload error for cover_letter: error code 4
[05-Mar-2026 02:55:30 Europe/Berlin] ✓ Transaction committed successfully
[05-Mar-2026 02:55:30 Europe/Berlin] Total files uploaded: 3
[05-Mar-2026 02:55:30 Europe/Berlin] === APPLICATION SUBMISSION SUCCESS ===
[05-Mar-2026 04:04:55 Europe/Berlin] === APPLICATION SUBMISSION START ===
[05-Mar-2026 04:04:55 Europe/Berlin] Request Method: POST
[05-Mar-2026 04:04:55 Europe/Berlin] POST Data: Array
(
    [role] => Tech Support
    [first_name] => Jerome
    [middle_name] => patrick
    [last_name] => Cea
    [email] => alarconearllaurencelubanan@gmail.com
    [phone] => 16456849865
    [message] => wala

    [job_posting_id] => 2
    [position] => Tech Support
    [department] => undefined
    [location] => Main Branch
    [employment_type] => undefined
    [salary] => undefined
    [description] => undefined
)

[05-Mar-2026 04:04:55 Europe/Berlin] FILES Data: Array
(
    [0] => resume
    [1] => birth_certificate
    [2] => diploma
    [3] => cover_letter
)

[05-Mar-2026 04:04:55 Europe/Berlin] Applicant Data:
[05-Mar-2026 04:04:55 Europe/Berlin]   Name: Jerome patrick Cea
[05-Mar-2026 04:04:55 Europe/Berlin]   Email: alarconearllaurencelubanan@gmail.com
[05-Mar-2026 04:04:55 Europe/Berlin]   Phone: 16456849865
[05-Mar-2026 04:04:55 Europe/Berlin]   Position: Tech Support
[05-Mar-2026 04:04:55 Europe/Berlin]   Department: undefined
[05-Mar-2026 04:04:55 Europe/Berlin] Transaction started
[05-Mar-2026 04:04:55 Europe/Berlin] Executing INSERT with values:
[05-Mar-2026 04:04:55 Europe/Berlin]   fname: Jerome patrick
[05-Mar-2026 04:04:55 Europe/Berlin]   lname: Cea
[05-Mar-2026 04:04:55 Europe/Berlin]   email: alarconearllaurencelubanan@gmail.com
[05-Mar-2026 04:04:55 Europe/Berlin] ✓ Applicant inserted successfully with ID: 31
[05-Mar-2026 04:04:55 Europe/Berlin] === FILE UPLOAD DEBUG ===
[05-Mar-2026 04:04:55 Europe/Berlin] FILES array: Array
(
    [resume] => Array
        (
            [name] => FP.pdf
            [type] => application/pdf
            [tmp_name] => C:\xampp\tmp\phpE717.tmp
            [error] => 0
            [size] => 296155
        )

    [birth_certificate] => Array
        (
            [name] => Buya, Althea Marie.pdf
            [type] => application/pdf
            [tmp_name] => C:\xampp\tmp\phpE718.tmp
            [error] => 0
            [size] => 198423
        )

    [diploma] => Array
        (
            [name] => BPA LEVEL 2.pdf
            [type] => application/pdf
            [tmp_name] => C:\xampp\tmp\phpE729.tmp
            [error] => 0
            [size] => 1054650
        )

    [cover_letter] => Array
        (
            [name] => 
            [type] => 
            [tmp_name] => 
            [error] => 4
            [size] => 0
        )

)

[05-Mar-2026 04:04:55 Europe/Berlin] Expected file fields: resume, birth_certificate, diploma, cover_letter
[05-Mar-2026 04:04:55 Europe/Berlin] Processing file: resume
[05-Mar-2026 04:04:55 Europe/Berlin]   File name: FP.pdf
[05-Mar-2026 04:04:55 Europe/Berlin]   File size: 296155 bytes
[05-Mar-2026 04:04:55 Europe/Berlin]   File type: application/pdf
[05-Mar-2026 04:04:55 Europe/Berlin]   ✓ File saved to applicant_files with ID: 20
[05-Mar-2026 04:04:55 Europe/Berlin] Processing file: birth_certificate
[05-Mar-2026 04:04:55 Europe/Berlin]   File name: Buya, Althea Marie.pdf
[05-Mar-2026 04:04:55 Europe/Berlin]   File size: 198423 bytes
[05-Mar-2026 04:04:55 Europe/Berlin]   File type: application/pdf
[05-Mar-2026 04:04:55 Europe/Berlin]   ✓ File saved to applicant_files with ID: 21
[05-Mar-2026 04:04:55 Europe/Berlin] Processing file: diploma
[05-Mar-2026 04:04:55 Europe/Berlin]   File name: BPA LEVEL 2.pdf
[05-Mar-2026 04:04:55 Europe/Berlin]   File size: 1054650 bytes
[05-Mar-2026 04:04:55 Europe/Berlin]   File type: application/pdf
[05-Mar-2026 04:04:55 Europe/Berlin]   ✓ File saved to applicant_files with ID: 22
[05-Mar-2026 04:04:55 Europe/Berlin] File upload error for cover_letter: error code 4
[05-Mar-2026 04:04:55 Europe/Berlin] ✓ Transaction committed successfully
[05-Mar-2026 04:04:55 Europe/Berlin] Total files uploaded: 3
[05-Mar-2026 04:04:55 Europe/Berlin] === APPLICATION SUBMISSION SUCCESS ===
[05-Mar-2026 04:27:48 Europe/Berlin] === APPLICATION SUBMISSION START ===
[05-Mar-2026 04:27:48 Europe/Berlin] Request Method: POST
[05-Mar-2026 04:27:48 Europe/Berlin] POST Data: Array
(
    [role] => contractor
    [first_name] => Althea Marie
    [middle_name] => 
    [last_name] => Buya
    [email] => altheabuya68@gmail.com
    [phone] => 09636379414
    [message] => 
    [job_posting_id] => 4
    [position] => contractor
    [department] => undefined
    [location] => Main Branch
    [employment_type] => undefined
    [salary] => undefined
    [description] => undefined
)

[05-Mar-2026 04:27:48 Europe/Berlin] FILES Data: Array
(
    [0] => resume
    [1] => birth_certificate
    [2] => diploma
    [3] => cover_letter
)

[05-Mar-2026 04:27:48 Europe/Berlin] Applicant Data:
[05-Mar-2026 04:27:48 Europe/Berlin]   Name: Althea Marie Buya
[05-Mar-2026 04:27:48 Europe/Berlin]   Email: altheabuya68@gmail.com
[05-Mar-2026 04:27:48 Europe/Berlin]   Phone: 09636379414
[05-Mar-2026 04:27:48 Europe/Berlin]   Position: contractor
[05-Mar-2026 04:27:48 Europe/Berlin]   Department: undefined
[05-Mar-2026 04:27:48 Europe/Berlin] Transaction started
[05-Mar-2026 04:27:48 Europe/Berlin] Executing INSERT with values:
[05-Mar-2026 04:27:48 Europe/Berlin]   fname: Althea Marie
[05-Mar-2026 04:27:48 Europe/Berlin]   lname: Buya
[05-Mar-2026 04:27:48 Europe/Berlin]   email: altheabuya68@gmail.com
[05-Mar-2026 04:27:48 Europe/Berlin] ✓ Applicant inserted successfully with ID: 32
[05-Mar-2026 04:27:48 Europe/Berlin] === FILE UPLOAD DEBUG ===
[05-Mar-2026 04:27:48 Europe/Berlin] FILES array: Array
(
    [resume] => Array
        (
            [name] => FP.pdf
            [type] => application/pdf
            [tmp_name] => C:\xampp\tmp\phpDCCD.tmp
            [error] => 0
            [size] => 296155
        )

    [birth_certificate] => Array
        (
            [name] => DATAFLOW.pdf
            [type] => application/pdf
            [tmp_name] => C:\xampp\tmp\phpDCDE.tmp
            [error] => 0
            [size] => 806108
        )

    [diploma] => Array
        (
            [name] => WORKFLOW.pdf
            [type] => application/pdf
            [tmp_name] => C:\xampp\tmp\phpDCFE.tmp
            [error] => 0
            [size] => 719176
        )

    [cover_letter] => Array
        (
            [name] => 
            [type] => 
            [tmp_name] => 
            [error] => 4
            [size] => 0
        )

)

[05-Mar-2026 04:27:48 Europe/Berlin] Expected file fields: resume, birth_certificate, diploma, cover_letter
[05-Mar-2026 04:27:48 Europe/Berlin] Processing file: resume
[05-Mar-2026 04:27:48 Europe/Berlin]   File name: FP.pdf
[05-Mar-2026 04:27:48 Europe/Berlin]   File size: 296155 bytes
[05-Mar-2026 04:27:48 Europe/Berlin]   File type: application/pdf
[05-Mar-2026 04:27:48 Europe/Berlin]   ✓ File saved to applicant_files with ID: 23
[05-Mar-2026 04:27:48 Europe/Berlin] Processing file: birth_certificate
[05-Mar-2026 04:27:48 Europe/Berlin]   File name: DATAFLOW.pdf
[05-Mar-2026 04:27:48 Europe/Berlin]   File size: 806108 bytes
[05-Mar-2026 04:27:48 Europe/Berlin]   File type: application/pdf
[05-Mar-2026 04:27:48 Europe/Berlin]   ✓ File saved to applicant_files with ID: 24
[05-Mar-2026 04:27:48 Europe/Berlin] Processing file: diploma
[05-Mar-2026 04:27:48 Europe/Berlin]   File name: WORKFLOW.pdf
[05-Mar-2026 04:27:48 Europe/Berlin]   File size: 719176 bytes
[05-Mar-2026 04:27:48 Europe/Berlin]   File type: application/pdf
[05-Mar-2026 04:27:48 Europe/Berlin]   ✓ File saved to applicant_files with ID: 25
[05-Mar-2026 04:27:48 Europe/Berlin] File upload error for cover_letter: error code 4
[05-Mar-2026 04:27:48 Europe/Berlin] ✓ Transaction committed successfully
[05-Mar-2026 04:27:48 Europe/Berlin] Total files uploaded: 3
[05-Mar-2026 04:27:48 Europe/Berlin] === APPLICATION SUBMISSION SUCCESS ===
[05-Mar-2026 06:39:53 Europe/Berlin] === APPLICATION SUBMISSION START ===
[05-Mar-2026 06:39:53 Europe/Berlin] Request Method: POST
[05-Mar-2026 06:39:53 Europe/Berlin] POST Data: Array
(
    [role] => contractor
    [first_name] => Diorena
    [middle_name] => 
    [last_name] => Juaneza
    [email] => daneenjuaneza.3@gmail.com
    [phone] => 0646941644
    [message] => 
    [job_posting_id] => 4
    [position] => contractor
    [department] => undefined
    [location] => Main Branch
    [employment_type] => undefined
    [salary] => undefined
    [description] => undefined
)

[05-Mar-2026 06:39:53 Europe/Berlin] FILES Data: Array
(
    [0] => resume
    [1] => birth_certificate
    [2] => diploma
    [3] => cover_letter
)

[05-Mar-2026 06:39:53 Europe/Berlin] Applicant Data:
[05-Mar-2026 06:39:53 Europe/Berlin]   Name: Diorena Juaneza
[05-Mar-2026 06:39:53 Europe/Berlin]   Email: daneenjuaneza.3@gmail.com
[05-Mar-2026 06:39:53 Europe/Berlin]   Phone: 0646941644
[05-Mar-2026 06:39:53 Europe/Berlin]   Position: contractor
[05-Mar-2026 06:39:53 Europe/Berlin]   Department: undefined
[05-Mar-2026 06:39:53 Europe/Berlin] Transaction started
[05-Mar-2026 06:39:53 Europe/Berlin] Executing INSERT with values:
[05-Mar-2026 06:39:53 Europe/Berlin]   fname: Diorena
[05-Mar-2026 06:39:53 Europe/Berlin]   lname: Juaneza
[05-Mar-2026 06:39:53 Europe/Berlin]   email: daneenjuaneza.3@gmail.com
[05-Mar-2026 06:39:53 Europe/Berlin] ✓ Applicant inserted successfully with ID: 33
[05-Mar-2026 06:39:53 Europe/Berlin] === FILE UPLOAD DEBUG ===
[05-Mar-2026 06:39:53 Europe/Berlin] FILES array: Array
(
    [resume] => Array
        (
            [name] => WORKFLOW.pdf
            [type] => application/pdf
            [tmp_name] => C:\xampp\tmp\phpC89D.tmp
            [error] => 0
            [size] => 719176
        )

    [birth_certificate] => Array
        (
            [name] => FP.pdf
            [type] => application/pdf
            [tmp_name] => C:\xampp\tmp\phpC8BD.tmp
            [error] => 0
            [size] => 296155
        )

    [diploma] => Array
        (
            [name] => DATAFLOW.pdf
            [type] => application/pdf
            [tmp_name] => C:\xampp\tmp\phpC8CD.tmp
            [error] => 0
            [size] => 806108
        )

    [cover_letter] => Array
        (
            [name] => 
            [type] => 
            [tmp_name] => 
            [error] => 4
            [size] => 0
        )

)

[05-Mar-2026 06:39:53 Europe/Berlin] Expected file fields: resume, birth_certificate, diploma, cover_letter
[05-Mar-2026 06:39:53 Europe/Berlin] Processing file: resume
[05-Mar-2026 06:39:53 Europe/Berlin]   File name: WORKFLOW.pdf
[05-Mar-2026 06:39:53 Europe/Berlin]   File size: 719176 bytes
[05-Mar-2026 06:39:53 Europe/Berlin]   File type: application/pdf
[05-Mar-2026 06:39:53 Europe/Berlin]   ✓ File saved to applicant_files with ID: 26
[05-Mar-2026 06:39:53 Europe/Berlin] Processing file: birth_certificate
[05-Mar-2026 06:39:53 Europe/Berlin]   File name: FP.pdf
[05-Mar-2026 06:39:53 Europe/Berlin]   File size: 296155 bytes
[05-Mar-2026 06:39:53 Europe/Berlin]   File type: application/pdf
[05-Mar-2026 06:39:53 Europe/Berlin]   ✓ File saved to applicant_files with ID: 27
[05-Mar-2026 06:39:53 Europe/Berlin] Processing file: diploma
[05-Mar-2026 06:39:53 Europe/Berlin]   File name: DATAFLOW.pdf
[05-Mar-2026 06:39:53 Europe/Berlin]   File size: 806108 bytes
[05-Mar-2026 06:39:53 Europe/Berlin]   File type: application/pdf
[05-Mar-2026 06:39:53 Europe/Berlin]   ✓ File saved to applicant_files with ID: 28
[05-Mar-2026 06:39:53 Europe/Berlin] File upload error for cover_letter: error code 4
[05-Mar-2026 06:39:53 Europe/Berlin] ✓ Transaction committed successfully
[05-Mar-2026 06:39:53 Europe/Berlin] Total files uploaded: 3
[05-Mar-2026 06:39:53 Europe/Berlin] === APPLICATION SUBMISSION SUCCESS ===
[05-Mar-2026 07:21:15 Europe/Berlin] === APPLICATION SUBMISSION START ===
[05-Mar-2026 07:21:15 Europe/Berlin] Request Method: POST
[05-Mar-2026 07:21:15 Europe/Berlin] POST Data: Array
(
    [role] => HR manager
    [first_name] => EARL 
    [middle_name] => LUBA
    [last_name] => Alarcon
    [email] => earllaurencealarcon@gmail.com
    [phone] => 09398591949
    [message] => 
    [job_posting_id] => 5
    [position] => HR manager
    [department] => undefined
    [location] => Main Branch
    [employment_type] => undefined
    [salary] => undefined
    [description] => undefined
)

[05-Mar-2026 07:21:15 Europe/Berlin] FILES Data: Array
(
    [0] => resume
    [1] => birth_certificate
    [2] => diploma
    [3] => cover_letter
)

[05-Mar-2026 07:21:15 Europe/Berlin] Applicant Data:
[05-Mar-2026 07:21:15 Europe/Berlin]   Name: EARL  LUBA Alarcon
[05-Mar-2026 07:21:15 Europe/Berlin]   Email: earllaurencealarcon@gmail.com
[05-Mar-2026 07:21:15 Europe/Berlin]   Phone: 09398591949
[05-Mar-2026 07:21:15 Europe/Berlin]   Position: HR manager
[05-Mar-2026 07:21:15 Europe/Berlin]   Department: undefined
[05-Mar-2026 07:21:15 Europe/Berlin] Transaction started
[05-Mar-2026 07:21:15 Europe/Berlin] Executing INSERT with values:
[05-Mar-2026 07:21:15 Europe/Berlin]   fname: EARL  LUBA
[05-Mar-2026 07:21:15 Europe/Berlin]   lname: Alarcon
[05-Mar-2026 07:21:15 Europe/Berlin]   email: earllaurencealarcon@gmail.com
[05-Mar-2026 07:21:15 Europe/Berlin] ✓ Applicant inserted successfully with ID: 34
[05-Mar-2026 07:21:15 Europe/Berlin] === FILE UPLOAD DEBUG ===
[05-Mar-2026 07:21:15 Europe/Berlin] FILES array: Array
(
    [resume] => Array
        (
            [name] => WORKFLOW.pdf
            [type] => application/pdf
            [tmp_name] => C:\xampp\tmp\phpAA22.tmp
            [error] => 0
            [size] => 719176
        )

    [birth_certificate] => Array
        (
            [name] => Buya, Althea Marie.pdf
            [type] => application/pdf
            [tmp_name] => C:\xampp\tmp\phpAA33.tmp
            [error] => 0
            [size] => 198423
        )

    [diploma] => Array
        (
            [name] => FP.pdf
            [type] => application/pdf
            [tmp_name] => C:\xampp\tmp\phpAA34.tmp
            [error] => 0
            [size] => 296155
        )

    [cover_letter] => Array
        (
            [name] => 
            [type] => 
            [tmp_name] => 
            [error] => 4
            [size] => 0
        )

)

[05-Mar-2026 07:21:15 Europe/Berlin] Expected file fields: resume, birth_certificate, diploma, cover_letter
[05-Mar-2026 07:21:15 Europe/Berlin] Processing file: resume
[05-Mar-2026 07:21:15 Europe/Berlin]   File name: WORKFLOW.pdf
[05-Mar-2026 07:21:15 Europe/Berlin]   File size: 719176 bytes
[05-Mar-2026 07:21:15 Europe/Berlin]   File type: application/pdf
[05-Mar-2026 07:21:15 Europe/Berlin]   ✓ File saved to applicant_files with ID: 29
[05-Mar-2026 07:21:15 Europe/Berlin] Processing file: birth_certificate
[05-Mar-2026 07:21:15 Europe/Berlin]   File name: Buya, Althea Marie.pdf
[05-Mar-2026 07:21:15 Europe/Berlin]   File size: 198423 bytes
[05-Mar-2026 07:21:15 Europe/Berlin]   File type: application/pdf
[05-Mar-2026 07:21:15 Europe/Berlin]   ✓ File saved to applicant_files with ID: 30
[05-Mar-2026 07:21:15 Europe/Berlin] Processing file: diploma
[05-Mar-2026 07:21:15 Europe/Berlin]   File name: FP.pdf
[05-Mar-2026 07:21:15 Europe/Berlin]   File size: 296155 bytes
[05-Mar-2026 07:21:15 Europe/Berlin]   File type: application/pdf
[05-Mar-2026 07:21:15 Europe/Berlin]   ✓ File saved to applicant_files with ID: 31
[05-Mar-2026 07:21:15 Europe/Berlin] File upload error for cover_letter: error code 4
[05-Mar-2026 07:21:15 Europe/Berlin] ✓ Transaction committed successfully
[05-Mar-2026 07:21:15 Europe/Berlin] Total files uploaded: 3
[05-Mar-2026 07:21:15 Europe/Berlin] === APPLICATION SUBMISSION SUCCESS ===
